<?xml version="1.0" encoding="UTF-8"?>
<!-- Generated by org.testng.reporters.JUnitReportReporter -->
<testsuite skipped="0" hostname="Aruns-MacBook-Air.local" name="SeleniumPackage.Readexceldata" tests="1" failures="0" timestamp="05 May 2021 11:37:23 GMT" time="4.637" errors="0">
  <testcase name="readWriteExcel" time="4.637" classname="SeleniumPackage.Readexceldata"/>
</testsuite> <!-- SeleniumPackage.Readexceldata -->
